app/build/outputs/logs/manifest-merger-debug-report.txt
-- Merging decision tree log ---
manifest
ADDED from AndroidManifest.xml:2:1
	xmlns:android
		ADDED from AndroidManifest.xml:2:11
	package
		ADDED from AndroidManifest.xml:3:5
		INJECTED from AndroidManifest.xml:0:0
		INJECTED from AndroidManifest.xml:0:0
	android:versionName
		ADDED from AndroidManifest.xml:5:5
	android:versionCode
		ADDED from AndroidManifest.xml:4:5
		INJECTED from AndroidManifest.xml:0:0
		INJECTED from AndroidManifest.xml:0:0
uses-sdk
ADDED from AndroidManifest.xml:7:5
MERGED from com.android.support:support-v4:20.0.0:16:5
MERGED from com.jjoe64:graphview:3.1.3:7:5
MERGED from com.android.support:support-v4:20.0.0:16:5
MERGED from com.android.support:appcompat-v7:20.0.0:16:5
MERGED from com.android.support:support-v4:20.0.0:16:5
	android:targetSdkVersion
		ADDED from AndroidManifest.xml:9:9
		INJECTED from AndroidManifest.xml:0:0
		INJECTED from AndroidManifest.xml:0:0
	android:minSdkVersion
		ADDED from AndroidManifest.xml:8:9
		INJECTED from AndroidManifest.xml:0:0
		INJECTED from AndroidManifest.xml:0:0
uses-feature#android.hardware.bluetooth_le
ADDED from AndroidManifest.xml:16:5
	android:required
		ADDED from AndroidManifest.xml:18:9
	android:name
		ADDED from AndroidManifest.xml:17:9
uses-permission#android.permission.BLUETOOTH
ADDED from AndroidManifest.xml:20:5
	android:name
		ADDED from AndroidManifest.xml:20:22
uses-permission#android.permission.BLUETOOTH_ADMIN
ADDED from AndroidManifest.xml:21:5
	android:name
		ADDED from AndroidManifest.xml:21:22
uses-permission#android.permission.WRITE_EXTERNAL_STORAGE
ADDED from AndroidManifest.xml:22:5
	android:name
		ADDED from AndroidManifest.xml:22:22
uses-permission#android.permission.INTERNET
ADDED from AndroidManifest.xml:23:5
	android:name
		ADDED from AndroidManifest.xml:23:22
uses-permission#android.permission.ACCESS_NETWORK_STATE
ADDED from AndroidManifest.xml:24:5
	android:name
		ADDED from AndroidManifest.xml:24:22
application
ADDED from AndroidManifest.xml:26:5
MERGED from com.android.support:support-v4:20.0.0:17:5
MERGED from com.jjoe64:graphview:3.1.3:11:5
MERGED from com.android.support:support-v4:20.0.0:17:5
MERGED from com.android.support:appcompat-v7:20.0.0:17:5
MERGED from com.android.support:support-v4:20.0.0:17:5
	android:label
		ADDED from AndroidManifest.xml:30:9
	android:allowBackup
		ADDED from AndroidManifest.xml:28:9
	android:icon
		ADDED from AndroidManifest.xml:29:9
	android:theme
		ADDED from AndroidManifest.xml:31:9
	android:name
		ADDED from AndroidManifest.xml:27:9
activity#com.cypress.cysmart.SplashPageActivity
ADDED from AndroidManifest.xml:32:9
	android:label
		ADDED from AndroidManifest.xml:35:13
	android:configChanges
		ADDED from AndroidManifest.xml:34:13
	android:name
		ADDED from AndroidManifest.xml:33:13
	android:launchMode
		ADDED from AndroidManifest.xml:36:13
intent-filter#android.intent.action.MAIN+android.intent.category.LAUNCHER
ADDED from AndroidManifest.xml:37:13
action#android.intent.action.MAIN
ADDED from AndroidManifest.xml:38:17
	android:name
		ADDED from AndroidManifest.xml:38:25
category#android.intent.category.LAUNCHER
ADDED from AndroidManifest.xml:40:17
	android:name
		ADDED from AndroidManifest.xml:40:27
activity#com.cypress.cysmart.HomePageActivity
ADDED from AndroidManifest.xml:43:9
	android:windowSoftInputMode
		ADDED from AndroidManifest.xml:45:14
	android:configChanges
		ADDED from AndroidManifest.xml:46:13
	android:name
		ADDED from AndroidManifest.xml:44:13
service#com.cypress.cysmart.backgroundservices.BluetoothLeService
ADDED from AndroidManifest.xml:49:9
	android:enabled
		ADDED from AndroidManifest.xml:51:13
	android:name
		ADDED from AndroidManifest.xml:50:13